<?xml version="1.0" encoding="UTF-8"?>
<testsuite xmlns:xsi="http://www.w3.org/2001/XMLSchema-instance" xsi:noNamespaceSchemaLocation="https://maven.apache.org/surefire/maven-surefire-plugin/xsd/surefire-test-report-3.0.xsd" version="3.0" name="com.example.demo.test.AuctionManagerTest" time="0.104" tests="11" errors="3" skipped="0" failures="0">
  <properties>
[...]
</properties>
  <testcase name="testRemoveAuction" classname="com.example.demo.test.AuctionManagerTest" time="0.035">
    <error message="Cannot invoke &quot;java.util.Date.toInstant()&quot; because &quot;endDate&quot; is null" type="java.lang.NullPointerException"><![CDATA[java.lang.NullPointerException: Cannot invoke "java.util.Date.toInstant()" because "endDate" is null
	at com.example.demo@1.0-SNAPSHOT/com.example.demo.models.Auction.<init>(Auction.java:25)
	at com.example.demo@1.0-SNAPSHOT/com.example.demo.test.AuctionManagerTest.testRemoveAuction(AuctionManagerTest.java:25)
	at java.base/java.lang.reflect.Method.invoke(Method.java:578)
	at java.base/java.util.ArrayList.forEach(ArrayList.java:1511)
	at java.base/java.util.ArrayList.forEach(ArrayList.java:1511)
]]></error>
  </testcase>
  <testcase name="testAllNullFilters" classname="com.example.demo.test.AuctionManagerTest" time="0.004"/>
  <testcase name="testOwnedByUserFilterOnly" classname="com.example.demo.test.AuctionManagerTest" time="0.002"/>
  <testcase name="testEndedFilterOnly" classname="com.example.demo.test.AuctionManagerTest" time="0.001"/>
  <testcase name="testAllFilters" classname="com.example.demo.test.AuctionManagerTest" time="0.001"/>
  <testcase name="testCategoryFilterOnly" classname="com.example.demo.test.AuctionManagerTest" time="0.002"/>
  <testcase name="testCategoryAndEndedFilters" classname="com.example.demo.test.AuctionManagerTest" time="0.001"/>
  <testcase name="testAddAuction" classname="com.example.demo.test.AuctionManagerTest" time="0.002">
    <error message="Cannot invoke &quot;java.util.Date.toInstant()&quot; because &quot;endDate&quot; is null" type="java.lang.NullPointerException"><![CDATA[java.lang.NullPointerException: Cannot invoke "java.util.Date.toInstant()" because "endDate" is null
	at com.example.demo@1.0-SNAPSHOT/com.example.demo.models.Auction.<init>(Auction.java:25)
	at com.example.demo@1.0-SNAPSHOT/com.example.demo.test.AuctionManagerTest.testAddAuction(AuctionManagerTest.java:18)
	at java.base/java.lang.reflect.Method.invoke(Method.java:578)
	at java.base/java.util.ArrayList.forEach(ArrayList.java:1511)
	at java.base/java.util.ArrayList.forEach(ArrayList.java:1511)
]]></error>
  </testcase>
  <testcase name="testCategoryAndOwnedByUserFilters" classname="com.example.demo.test.AuctionManagerTest" time="0.001"/>
  <testcase name="testEndedAndOwnedByUserFilters" classname="com.example.demo.test.AuctionManagerTest" time="0.002"/>
  <testcase name="testClearAllAuctions" classname="com.example.demo.test.AuctionManagerTest" time="0.001">
    <error message="Cannot invoke &quot;java.util.Date.toInstant()&quot; because &quot;endDate&quot; is null" type="java.lang.NullPointerException"><![CDATA[java.lang.NullPointerException: Cannot invoke "java.util.Date.toInstant()" because "endDate" is null
	at com.example.demo@1.0-SNAPSHOT/com.example.demo.models.Auction.<init>(Auction.java:25)
	at com.example.demo@1.0-SNAPSHOT/com.example.demo.test.AuctionManagerTest.testClearAllAuctions(AuctionManagerTest.java:34)
	at java.base/java.lang.reflect.Method.invoke(Method.java:578)
	at java.base/java.util.ArrayList.forEach(ArrayList.java:1511)
	at java.base/java.util.ArrayList.forEach(ArrayList.java:1511)
]]></error>
  </testcase>
</testsuite>